<?xml version="1.0" encoding="UTF-8"?>
<testng-results skipped="0" failed="0" ignored="0" total="2" passed="2">
  <reporter-output>
  </reporter-output>
  <suite name="My test suite" duration-ms="206503" started-at="2017-11-10T16:50:18Z" finished-at="2017-11-10T16:53:44Z">
    <groups>
    </groups>
    <test name="my first test" duration-ms="206503" started-at="2017-11-10T16:50:18Z" finished-at="2017-11-10T16:53:44Z">
      <class name="com.training.test.TestStarbucks">
        <test-method status="PASS" signature="beforeSuite(java.lang.String)[pri:0, instance:com.training.test.TestStarbucks@39aeed2f]" name="beforeSuite" is-config="true" duration-ms="33742" started-at="2017-11-10T10:50:18Z" finished-at="2017-11-10T10:50:52Z">
          <params>
            <param index="0">
              <value>
                <![CDATA[chrome]]>
              </value>
            </param>
          </params>
          <reporter-output>
          </reporter-output>
        </test-method> <!-- beforeSuite -->
        <test-method status="PASS" signature="coffeeTest()[pri:0, instance:com.training.test.TestStarbucks@39aeed2f]" name="coffeeTest" duration-ms="116164" started-at="2017-11-10T10:50:52Z" finished-at="2017-11-10T10:52:48Z">
          <reporter-output>
          </reporter-output>
        </test-method> <!-- coffeeTest -->
        <test-method status="PASS" signature="afterSuite()[pri:0, instance:com.training.test.TestStarbucks@39aeed2f]" name="afterSuite" is-config="true" duration-ms="629" started-at="2017-11-10T10:52:48Z" finished-at="2017-11-10T10:52:49Z">
          <reporter-output>
          </reporter-output>
        </test-method> <!-- afterSuite -->
        <test-method status="PASS" signature="beforeSuite(java.lang.String)[pri:0, instance:com.training.test.TestStarbucks@39aeed2f]" name="beforeSuite" is-config="true" duration-ms="55202" started-at="2017-11-10T10:52:49Z" finished-at="2017-11-10T10:53:44Z">
          <params>
            <param index="0">
              <value>
                <![CDATA[chrome]]>
              </value>
            </param>
          </params>
          <reporter-output>
          </reporter-output>
        </test-method> <!-- beforeSuite -->
        <test-method status="PASS" signature="testMenu()[pri:0, instance:com.training.test.TestStarbucks@39aeed2f]" name="testMenu" duration-ms="154" started-at="2017-11-10T10:53:44Z" finished-at="2017-11-10T10:53:44Z">
          <reporter-output>
          </reporter-output>
        </test-method> <!-- testMenu -->
        <test-method status="PASS" signature="afterSuite()[pri:0, instance:com.training.test.TestStarbucks@39aeed2f]" name="afterSuite" is-config="true" duration-ms="595" started-at="2017-11-10T10:53:44Z" finished-at="2017-11-10T10:53:44Z">
          <reporter-output>
          </reporter-output>
        </test-method> <!-- afterSuite -->
      </class> <!-- com.training.test.TestStarbucks -->
    </test> <!-- my first test -->
  </suite> <!-- My test suite -->
</testng-results>
