<?xml version="1.0" encoding="UTF-8"?>
<!-- Generated by org.testng.reporters.JUnitXMLReporter -->
<testsuite hostname="MX-IT00714" ignored="0" name="my first test" tests="6" failures="0" timestamp="22 nov 2017 16:24:35 GMT" time="4.586" errors="0">
  <testcase name="basicPingTest" time="1.067" classname="com.globantu.automation.jose_colin.TestGet"/>
  <testcase name="validWithSchema" time="0.541" classname="com.globantu.automation.jose_colin.TestGet"/>
  <testcase name="validateContent" time="0.931" classname="com.globantu.automation.jose_colin.TestGet"/>
  <testcase name="createAndDelete" time="1.024" classname="com.globantu.automation.jose_colin.TestPost"/>
  <testcase name="testPostBody" time="0.275" classname="com.globantu.automation.jose_colin.TestPost"/>
  <testcase name="testPostStatus" time="0.513" classname="com.globantu.automation.jose_colin.TestPost"/>
</testsuite> <!-- my first test -->
